[0.034s] Invoking command in '/home/arc/dev_ws/build/robot': CMAKE_PREFIX_PATH=${CMAKE_PREFIX_PATH}:/opt/ros/foxy /usr/bin/cmake --build /home/arc/dev_ws/build/robot -- -j4 -l4
[0.073s] -- Found ament_cmake: 0.9.11 (/opt/ros/foxy/share/ament_cmake/cmake)
[0.108s] -- Using PYTHON_EXECUTABLE: /usr/bin/python3
[0.450s] -- Found ament_lint_auto: 0.9.7 (/opt/ros/foxy/share/ament_lint_auto/cmake)
[0.541s] -- Added test 'copyright' to check source files copyright and LICENSE
[0.545s] -- Added test 'flake8' to check Python code syntax and style conventions
[0.546s] -- Added test 'lint_cmake' to check CMake code style
[0.546s] -- Added test 'pep257' to check Python code against some of the style conventions in PEP 257
[0.549s] -- Added test 'xmllint' to check XML markup files
[0.551s] -- Configuring done
[0.554s] -- Generating done
[0.555s] -- Build files have been written to: /home/arc/dev_ws/build/robot
[0.584s] Invoked command in '/home/arc/dev_ws/build/robot' returned '0': CMAKE_PREFIX_PATH=${CMAKE_PREFIX_PATH}:/opt/ros/foxy /usr/bin/cmake --build /home/arc/dev_ws/build/robot -- -j4 -l4
[0.628s] Invoking command in '/home/arc/dev_ws/build/robot': CMAKE_PREFIX_PATH=${CMAKE_PREFIX_PATH}:/opt/ros/foxy /usr/bin/cmake --install /home/arc/dev_ws/build/robot
[0.639s] -- Install configuration: ""
[0.640s] -- Installing: /home/arc/dev_ws/install/robot/share/robot/config
[0.640s] -- Installing: /home/arc/dev_ws/install/robot/share/robot/launch
[0.641s] -- Installing: /home/arc/dev_ws/install/robot/share/robot/launch/robot.launch.py
[0.641s] -- Installing: /home/arc/dev_ws/install/robot/share/robot/maps
[0.641s] -- Installing: /home/arc/dev_ws/install/robot/share/robot/meshes
[0.641s] -- Installing: /home/arc/dev_ws/install/robot/share/robot/meshes/Frame.STL
[0.641s] -- Installing: /home/arc/dev_ws/install/robot/share/robot/meshes/Frame_Detailed.STL
[0.660s] -- Installing: /home/arc/dev_ws/install/robot/share/robot/meshes/Wheel_Detailed.STL
[0.668s] -- Installing: /home/arc/dev_ws/install/robot/share/robot/models
[0.669s] -- Installing: /home/arc/dev_ws/install/robot/share/robot/models/robot.sdf
[0.669s] -- Installing: /home/arc/dev_ws/install/robot/share/robot/params
[0.670s] -- Installing: /home/arc/dev_ws/install/robot/share/robot/rviz
[0.670s] -- Installing: /home/arc/dev_ws/install/robot/share/robot/rviz/urdf_config.rviz
[0.670s] -- Installing: /home/arc/dev_ws/install/robot/share/ament_index/resource_index/package_run_dependencies/robot
[0.671s] -- Installing: /home/arc/dev_ws/install/robot/share/ament_index/resource_index/parent_prefix_path/robot
[0.672s] -- Up-to-date: /home/arc/dev_ws/install/robot/share/robot/environment/ament_prefix_path.sh
[0.673s] -- Installing: /home/arc/dev_ws/install/robot/share/robot/environment/ament_prefix_path.dsv
[0.673s] -- Up-to-date: /home/arc/dev_ws/install/robot/share/robot/environment/path.sh
[0.674s] -- Installing: /home/arc/dev_ws/install/robot/share/robot/environment/path.dsv
[0.675s] -- Up-to-date: /home/arc/dev_ws/install/robot/share/robot/local_setup.bash
[0.677s] -- Up-to-date: /home/arc/dev_ws/install/robot/share/robot/local_setup.sh
[0.677s] -- Up-to-date: /home/arc/dev_ws/install/robot/share/robot/local_setup.zsh
[0.678s] -- Installing: /home/arc/dev_ws/install/robot/share/robot/local_setup.dsv
[0.678s] -- Installing: /home/arc/dev_ws/install/robot/share/robot/package.dsv
[0.678s] -- Up-to-date: /home/arc/dev_ws/install/robot/share/ament_index/resource_index/packages/robot
[0.678s] -- Up-to-date: /home/arc/dev_ws/install/robot/share/robot/cmake/robotConfig.cmake
[0.679s] -- Up-to-date: /home/arc/dev_ws/install/robot/share/robot/cmake/robotConfig-version.cmake
[0.679s] -- Installing: /home/arc/dev_ws/install/robot/share/robot/package.xml
[0.679s] Invoked command in '/home/arc/dev_ws/build/robot' returned '0': CMAKE_PREFIX_PATH=${CMAKE_PREFIX_PATH}:/opt/ros/foxy /usr/bin/cmake --install /home/arc/dev_ws/build/robot
