[0.028s] Invoking command in '/home/arc/dev_ws/build/turtlesim': CMAKE_PREFIX_PATH=/opt/ros/foxy /usr/bin/cmake /home/arc/dev_ws/src/ros_tutorials/turtlesim -DCMAKE_INSTALL_PREFIX=/home/arc/dev_ws/install/turtlesim
[0.194s] -- The C compiler identification is GNU 9.4.0
[0.340s] -- The CXX compiler identification is GNU 9.4.0
[0.356s] -- Check for working C compiler: /usr/bin/cc
[0.509s] -- Check for working C compiler: /usr/bin/cc -- works
[0.511s] -- Detecting C compiler ABI info
[0.695s] -- Detecting C compiler ABI info - done
[0.728s] -- Detecting C compile features
[0.729s] -- Detecting C compile features - done
[0.734s] -- Check for working CXX compiler: /usr/bin/c++
[0.912s] -- Check for working CXX compiler: /usr/bin/c++ -- works
[0.912s] -- Detecting CXX compiler ABI info
[1.100s] -- Detecting CXX compiler ABI info - done
[1.130s] -- Detecting CXX compile features
[1.131s] -- Detecting CXX compile features - done
[1.136s] -- Found ament_cmake: 0.9.11 (/opt/ros/foxy/share/ament_cmake/cmake)
[1.179s] -- Found PythonInterp: /usr/bin/python3 (found suitable version "3.8.10", minimum required is "3") 
[1.179s] -- Using PYTHON_EXECUTABLE: /usr/bin/python3
[1.606s] -- Found ament_index_cpp: 1.1.0 (/opt/ros/foxy/share/ament_index_cpp/cmake)
[1.614s] -- Found geometry_msgs: 2.0.5 (/opt/ros/foxy/share/geometry_msgs/cmake)
[1.677s] -- Using all available rosidl_typesupport_c: rosidl_typesupport_fastrtps_c;rosidl_typesupport_introspection_c
[1.692s] -- Found rosidl_adapter: 1.3.0 (/opt/ros/foxy/share/rosidl_adapter/cmake)
[1.853s] -- Found OpenSSL: /usr/lib/x86_64-linux-gnu/libcrypto.so (found version "1.1.1f")  
[1.916s] -- Found FastRTPS: /opt/ros/foxy/include  
[2.089s] -- Using all available rosidl_typesupport_cpp: rosidl_typesupport_fastrtps_cpp;rosidl_typesupport_introspection_cpp
[2.316s] -- Found rclcpp: 2.4.2 (/opt/ros/foxy/share/rclcpp/cmake)
[2.420s] -- Found rmw_implementation_cmake: 1.0.3 (/opt/ros/foxy/share/rmw_implementation_cmake/cmake)
[2.423s] -- Using RMW implementation 'rmw_fastrtps_cpp' as default
[2.425s] -- Looking for pthread.h
[2.628s] -- Looking for pthread.h - found
[2.629s] -- Performing Test CMAKE_HAVE_LIBC_PTHREAD
[2.780s] -- Performing Test CMAKE_HAVE_LIBC_PTHREAD - Failed
[2.781s] -- Looking for pthread_create in pthreads
[2.897s] -- Looking for pthread_create in pthreads - not found
[2.898s] -- Looking for pthread_create in pthread
[3.068s] -- Looking for pthread_create in pthread - found
[3.068s] -- Found Threads: TRUE  
[3.444s] -- Found rclcpp_action: 2.4.2 (/opt/ros/foxy/share/rclcpp_action/cmake)
[3.645s] -- Found rosidl_default_generators: 1.0.1 (/opt/ros/foxy/share/rosidl_default_generators/cmake)
[3.673s] -- Found std_srvs: 2.0.5 (/opt/ros/foxy/share/std_srvs/cmake)
[3.747s] -- Found PythonInterp: /usr/bin/python3 (found version "3.8.10") 
[4.200s] -- Found ament_cmake_ros: 0.9.2 (/opt/ros/foxy/share/ament_cmake_ros/cmake)
[4.511s] -- Using all available rosidl_typesupport_c: rosidl_typesupport_fastrtps_c;rosidl_typesupport_introspection_c
[4.579s] -- Using all available rosidl_typesupport_cpp: rosidl_typesupport_fastrtps_cpp;rosidl_typesupport_introspection_cpp
[4.638s] -- Found PythonInterp: /usr/bin/python3 (found suitable version "3.8.10", minimum required is "3.5") 
[4.645s] -- Found python_cmake_module: 0.8.1 (/opt/ros/foxy/share/python_cmake_module/cmake)
[4.709s] -- Found PythonLibs: /usr/lib/x86_64-linux-gnu/libpython3.8.so (found suitable version "3.8.10", minimum required is "3.5") 
[4.710s] -- Using PYTHON_EXECUTABLE: /usr/bin/python3
[4.710s] -- Using PYTHON_INCLUDE_DIRS: /usr/include/python3.8
[4.710s] -- Using PYTHON_LIBRARIES: /usr/lib/x86_64-linux-gnu/libpython3.8.so
[4.768s] -- Found PythonExtra: .so  
[4.951s] -- Configuring done
[5.160s] -- Generating done
[5.167s] -- Build files have been written to: /home/arc/dev_ws/build/turtlesim
[5.197s] Invoked command in '/home/arc/dev_ws/build/turtlesim' returned '0': CMAKE_PREFIX_PATH=/opt/ros/foxy /usr/bin/cmake /home/arc/dev_ws/src/ros_tutorials/turtlesim -DCMAKE_INSTALL_PREFIX=/home/arc/dev_ws/install/turtlesim
[5.198s] Invoking command in '/home/arc/dev_ws/build/turtlesim': CMAKE_PREFIX_PATH=/opt/ros/foxy /usr/bin/cmake --build /home/arc/dev_ws/build/turtlesim -- -j4 -l4
[5.284s] [35m[1mScanning dependencies of target turtlesim__cpp[0m
[5.305s] [  1%] [34m[1mGenerating C++ code for ROS interfaces[0m
[7.751s] [  1%] Built target turtlesim__cpp
[7.772s] [  2%] [34m[1mGenerating C code for ROS interfaces[0m
[10.660s] [35m[1mScanning dependencies of target turtlesim__rosidl_generator_c[0m
[10.694s] [  3%] [32mBuilding C object CMakeFiles/turtlesim__rosidl_generator_c.dir/rosidl_generator_c/turtlesim/action/detail/rotate_absolute__functions.c.o[0m
[10.966s] [  4%] [32mBuilding C object CMakeFiles/turtlesim__rosidl_generator_c.dir/rosidl_generator_c/turtlesim/msg/detail/color__functions.c.o[0m
[11.060s] [  5%] [32mBuilding C object CMakeFiles/turtlesim__rosidl_generator_c.dir/rosidl_generator_c/turtlesim/msg/detail/pose__functions.c.o[0m
[11.156s] [  6%] [32mBuilding C object CMakeFiles/turtlesim__rosidl_generator_c.dir/rosidl_generator_c/turtlesim/srv/detail/kill__functions.c.o[0m
[11.283s] [  7%] [32mBuilding C object CMakeFiles/turtlesim__rosidl_generator_c.dir/rosidl_generator_c/turtlesim/srv/detail/set_pen__functions.c.o[0m
[11.420s] [  8%] [32mBuilding C object CMakeFiles/turtlesim__rosidl_generator_c.dir/rosidl_generator_c/turtlesim/srv/detail/spawn__functions.c.o[0m
[11.583s] [  9%] [32mBuilding C object CMakeFiles/turtlesim__rosidl_generator_c.dir/rosidl_generator_c/turtlesim/srv/detail/teleport_absolute__functions.c.o[0m
[11.750s] [ 10%] [32mBuilding C object CMakeFiles/turtlesim__rosidl_generator_c.dir/rosidl_generator_c/turtlesim/srv/detail/teleport_relative__functions.c.o[0m
[11.923s] [ 11%] [32m[1mLinking C shared library libturtlesim__rosidl_generator_c.so[0m
[12.058s] [ 11%] Built target turtlesim__rosidl_generator_c
[12.100s] [ 12%] [34m[1mGenerating C++ type support for eProsima Fast-RTPS[0m
[14.465s] [35m[1mScanning dependencies of target turtlesim__rosidl_typesupport_fastrtps_cpp[0m
[14.546s] [ 13%] [32mBuilding CXX object CMakeFiles/turtlesim__rosidl_typesupport_fastrtps_cpp.dir/rosidl_typesupport_fastrtps_cpp/turtlesim/action/detail/dds_fastrtps/rotate_absolute__type_support.cpp.o[0m
[15.692s] [ 14%] [32mBuilding CXX object CMakeFiles/turtlesim__rosidl_typesupport_fastrtps_cpp.dir/rosidl_typesupport_fastrtps_cpp/turtlesim/msg/detail/dds_fastrtps/color__type_support.cpp.o[0m
[16.620s] [ 15%] [32mBuilding CXX object CMakeFiles/turtlesim__rosidl_typesupport_fastrtps_cpp.dir/rosidl_typesupport_fastrtps_cpp/turtlesim/msg/detail/dds_fastrtps/pose__type_support.cpp.o[0m
[17.538s] [ 16%] [32mBuilding CXX object CMakeFiles/turtlesim__rosidl_typesupport_fastrtps_cpp.dir/rosidl_typesupport_fastrtps_cpp/turtlesim/srv/detail/dds_fastrtps/kill__type_support.cpp.o[0m
[18.376s] [ 17%] [32mBuilding CXX object CMakeFiles/turtlesim__rosidl_typesupport_fastrtps_cpp.dir/rosidl_typesupport_fastrtps_cpp/turtlesim/srv/detail/dds_fastrtps/set_pen__type_support.cpp.o[0m
[19.144s] [ 18%] [32mBuilding CXX object CMakeFiles/turtlesim__rosidl_typesupport_fastrtps_cpp.dir/rosidl_typesupport_fastrtps_cpp/turtlesim/srv/detail/dds_fastrtps/spawn__type_support.cpp.o[0m
[20.112s] [ 19%] [32mBuilding CXX object CMakeFiles/turtlesim__rosidl_typesupport_fastrtps_cpp.dir/rosidl_typesupport_fastrtps_cpp/turtlesim/srv/detail/dds_fastrtps/teleport_absolute__type_support.cpp.o[0m
[21.085s] [ 20%] [32mBuilding CXX object CMakeFiles/turtlesim__rosidl_typesupport_fastrtps_cpp.dir/rosidl_typesupport_fastrtps_cpp/turtlesim/srv/detail/dds_fastrtps/teleport_relative__type_support.cpp.o[0m
[21.676s] [ 21%] [32m[1mLinking CXX shared library libturtlesim__rosidl_typesupport_fastrtps_cpp.so[0m
[21.809s] [ 21%] Built target turtlesim__rosidl_typesupport_fastrtps_cpp
[21.823s] [ 22%] [34m[1mGenerating C type support dispatch for ROS interfaces[0m
[22.547s] [35m[1mScanning dependencies of target turtlesim__rosidl_typesupport_c[0m
[22.569s] [ 23%] [32mBuilding CXX object CMakeFiles/turtlesim__rosidl_typesupport_c.dir/rosidl_typesupport_c/turtlesim/action/rotate_absolute__type_support.cpp.o[0m
[22.635s] [ 24%] [32mBuilding CXX object CMakeFiles/turtlesim__rosidl_typesupport_c.dir/rosidl_typesupport_c/turtlesim/msg/color__type_support.cpp.o[0m
[22.673s] [ 25%] [32mBuilding CXX object CMakeFiles/turtlesim__rosidl_typesupport_c.dir/rosidl_typesupport_c/turtlesim/msg/pose__type_support.cpp.o[0m
[22.713s] [ 26%] [32mBuilding CXX object CMakeFiles/turtlesim__rosidl_typesupport_c.dir/rosidl_typesupport_c/turtlesim/srv/kill__type_support.cpp.o[0m
[22.755s] [ 27%] [32mBuilding CXX object CMakeFiles/turtlesim__rosidl_typesupport_c.dir/rosidl_typesupport_c/turtlesim/srv/set_pen__type_support.cpp.o[0m
[22.799s] [ 28%] [32mBuilding CXX object CMakeFiles/turtlesim__rosidl_typesupport_c.dir/rosidl_typesupport_c/turtlesim/srv/spawn__type_support.cpp.o[0m
[22.842s] [ 29%] [32mBuilding CXX object CMakeFiles/turtlesim__rosidl_typesupport_c.dir/rosidl_typesupport_c/turtlesim/srv/teleport_absolute__type_support.cpp.o[0m
[22.885s] [ 30%] [32mBuilding CXX object CMakeFiles/turtlesim__rosidl_typesupport_c.dir/rosidl_typesupport_c/turtlesim/srv/teleport_relative__type_support.cpp.o[0m
[22.928s] [ 31%] [32m[1mLinking CXX shared library libturtlesim__rosidl_typesupport_c.so[0m
[22.984s] [ 31%] Built target turtlesim__rosidl_typesupport_c
[22.999s] [ 32%] [34m[1mGenerating C introspection for ROS interfaces[0m
[24.065s] [35m[1mScanning dependencies of target turtlesim__rosidl_typesupport_introspection_c[0m
[24.090s] [ 33%] [32mBuilding C object CMakeFiles/turtlesim__rosidl_typesupport_introspection_c.dir/rosidl_typesupport_introspection_c/turtlesim/action/detail/rotate_absolute__type_support.c.o[0m
[24.154s] [ 34%] [32mBuilding C object CMakeFiles/turtlesim__rosidl_typesupport_introspection_c.dir/rosidl_typesupport_introspection_c/turtlesim/msg/detail/color__type_support.c.o[0m
[24.199s] [ 35%] [32mBuilding C object CMakeFiles/turtlesim__rosidl_typesupport_introspection_c.dir/rosidl_typesupport_introspection_c/turtlesim/msg/detail/pose__type_support.c.o[0m
[24.243s] [ 36%] [32mBuilding C object CMakeFiles/turtlesim__rosidl_typesupport_introspection_c.dir/rosidl_typesupport_introspection_c/turtlesim/srv/detail/kill__type_support.c.o[0m
[24.289s] [ 37%] [32mBuilding C object CMakeFiles/turtlesim__rosidl_typesupport_introspection_c.dir/rosidl_typesupport_introspection_c/turtlesim/srv/detail/set_pen__type_support.c.o[0m
[24.338s] [ 38%] [32mBuilding C object CMakeFiles/turtlesim__rosidl_typesupport_introspection_c.dir/rosidl_typesupport_introspection_c/turtlesim/srv/detail/spawn__type_support.c.o[0m
[24.386s] [ 39%] [32mBuilding C object CMakeFiles/turtlesim__rosidl_typesupport_introspection_c.dir/rosidl_typesupport_introspection_c/turtlesim/srv/detail/teleport_absolute__type_support.c.o[0m
[24.434s] [ 40%] [32mBuilding C object CMakeFiles/turtlesim__rosidl_typesupport_introspection_c.dir/rosidl_typesupport_introspection_c/turtlesim/srv/detail/teleport_relative__type_support.c.o[0m
[24.481s] [ 41%] [32m[1mLinking C shared library libturtlesim__rosidl_typesupport_introspection_c.so[0m
[24.527s] [ 41%] Built target turtlesim__rosidl_typesupport_introspection_c
[24.542s] [ 42%] [34m[1mGenerating C type support for eProsima Fast-RTPS[0m
[25.706s] [35m[1mScanning dependencies of target turtlesim__rosidl_typesupport_fastrtps_c[0m
[25.748s] [ 43%] [32mBuilding CXX object CMakeFiles/turtlesim__rosidl_typesupport_fastrtps_c.dir/rosidl_typesupport_fastrtps_c/turtlesim/action/detail/rotate_absolute__type_support_c.cpp.o[0m
[26.300s] [ 44%] [32mBuilding CXX object CMakeFiles/turtlesim__rosidl_typesupport_fastrtps_c.dir/rosidl_typesupport_fastrtps_c/turtlesim/msg/detail/color__type_support_c.cpp.o[0m
[26.777s] [ 45%] [32mBuilding CXX object CMakeFiles/turtlesim__rosidl_typesupport_fastrtps_c.dir/rosidl_typesupport_fastrtps_c/turtlesim/msg/detail/pose__type_support_c.cpp.o[0m
[27.277s] [ 46%] [32mBuilding CXX object CMakeFiles/turtlesim__rosidl_typesupport_fastrtps_c.dir/rosidl_typesupport_fastrtps_c/turtlesim/srv/detail/kill__type_support_c.cpp.o[0m
[27.788s] [ 47%] [32mBuilding CXX object CMakeFiles/turtlesim__rosidl_typesupport_fastrtps_c.dir/rosidl_typesupport_fastrtps_c/turtlesim/srv/detail/set_pen__type_support_c.cpp.o[0m
[28.473s] [ 48%] [32mBuilding CXX object CMakeFiles/turtlesim__rosidl_typesupport_fastrtps_c.dir/rosidl_typesupport_fastrtps_c/turtlesim/srv/detail/spawn__type_support_c.cpp.o[0m
[29.290s] [ 49%] [32mBuilding CXX object CMakeFiles/turtlesim__rosidl_typesupport_fastrtps_c.dir/rosidl_typesupport_fastrtps_c/turtlesim/srv/detail/teleport_absolute__type_support_c.cpp.o[0m
[30.066s] [ 50%] [32mBuilding CXX object CMakeFiles/turtlesim__rosidl_typesupport_fastrtps_c.dir/rosidl_typesupport_fastrtps_c/turtlesim/srv/detail/teleport_relative__type_support_c.cpp.o[0m
[30.627s] [ 51%] [32m[1mLinking CXX shared library libturtlesim__rosidl_typesupport_fastrtps_c.so[0m
[30.760s] [ 51%] Built target turtlesim__rosidl_typesupport_fastrtps_c
[30.774s] [ 52%] [34m[1mGenerating C++ introspection for ROS interfaces[0m
[31.744s] [35m[1mScanning dependencies of target turtlesim__rosidl_typesupport_introspection_cpp[0m
[31.770s] [ 53%] [32mBuilding CXX object CMakeFiles/turtlesim__rosidl_typesupport_introspection_cpp.dir/rosidl_typesupport_introspection_cpp/turtlesim/action/detail/rotate_absolute__type_support.cpp.o[0m
[32.233s] [ 54%] [32mBuilding CXX object CMakeFiles/turtlesim__rosidl_typesupport_introspection_cpp.dir/rosidl_typesupport_introspection_cpp/turtlesim/msg/detail/pose__type_support.cpp.o[0m
[32.621s] [ 55%] [32mBuilding CXX object CMakeFiles/turtlesim__rosidl_typesupport_introspection_cpp.dir/rosidl_typesupport_introspection_cpp/turtlesim/srv/detail/kill__type_support.cpp.o[0m
[33.033s] [ 56%] [32mBuilding CXX object CMakeFiles/turtlesim__rosidl_typesupport_introspection_cpp.dir/rosidl_typesupport_introspection_cpp/turtlesim/srv/detail/set_pen__type_support.cpp.o[0m
[33.431s] [ 57%] [32mBuilding CXX object CMakeFiles/turtlesim__rosidl_typesupport_introspection_cpp.dir/rosidl_typesupport_introspection_cpp/turtlesim/srv/detail/spawn__type_support.cpp.o[0m
[33.843s] [ 58%] [32mBuilding CXX object CMakeFiles/turtlesim__rosidl_typesupport_introspection_cpp.dir/rosidl_typesupport_introspection_cpp/turtlesim/srv/detail/teleport_absolute__type_support.cpp.o[0m
[34.232s] [ 59%] [32mBuilding CXX object CMakeFiles/turtlesim__rosidl_typesupport_introspection_cpp.dir/rosidl_typesupport_introspection_cpp/turtlesim/srv/detail/teleport_relative__type_support.cpp.o[0m
[34.633s] [ 60%] [32mBuilding CXX object CMakeFiles/turtlesim__rosidl_typesupport_introspection_cpp.dir/rosidl_typesupport_introspection_cpp/turtlesim/msg/detail/color__type_support.cpp.o[0m
[35.024s] [ 61%] [32m[1mLinking CXX shared library libturtlesim__rosidl_typesupport_introspection_cpp.so[0m
[35.134s] [ 61%] Built target turtlesim__rosidl_typesupport_introspection_cpp
[35.148s] [ 62%] [34m[1mGenerating C++ type support dispatch for ROS interfaces[0m
[35.912s] [35m[1mScanning dependencies of target turtlesim__rosidl_typesupport_cpp[0m
[35.935s] [ 63%] [32mBuilding CXX object CMakeFiles/turtlesim__rosidl_typesupport_cpp.dir/rosidl_typesupport_cpp/turtlesim/action/rotate_absolute__type_support.cpp.o[0m
[36.373s] [ 64%] [32mBuilding CXX object CMakeFiles/turtlesim__rosidl_typesupport_cpp.dir/rosidl_typesupport_cpp/turtlesim/srv/kill__type_support.cpp.o[0m
[36.791s] [ 65%] [32mBuilding CXX object CMakeFiles/turtlesim__rosidl_typesupport_cpp.dir/rosidl_typesupport_cpp/turtlesim/srv/set_pen__type_support.cpp.o[0m
[37.427s] [ 66%] [32mBuilding CXX object CMakeFiles/turtlesim__rosidl_typesupport_cpp.dir/rosidl_typesupport_cpp/turtlesim/srv/spawn__type_support.cpp.o[0m
[38.091s] [ 67%] [32mBuilding CXX object CMakeFiles/turtlesim__rosidl_typesupport_cpp.dir/rosidl_typesupport_cpp/turtlesim/srv/teleport_absolute__type_support.cpp.o[0m
[38.682s] [ 68%] [32mBuilding CXX object CMakeFiles/turtlesim__rosidl_typesupport_cpp.dir/rosidl_typesupport_cpp/turtlesim/srv/teleport_relative__type_support.cpp.o[0m
[39.222s] [ 69%] [32mBuilding CXX object CMakeFiles/turtlesim__rosidl_typesupport_cpp.dir/rosidl_typesupport_cpp/turtlesim/msg/pose__type_support.cpp.o[0m
[39.634s] [ 70%] [32mBuilding CXX object CMakeFiles/turtlesim__rosidl_typesupport_cpp.dir/rosidl_typesupport_cpp/turtlesim/msg/color__type_support.cpp.o[0m
[40.033s] [ 71%] [32m[1mLinking CXX shared library libturtlesim__rosidl_typesupport_cpp.so[0m
[40.092s] [ 71%] Built target turtlesim__rosidl_typesupport_cpp
[40.105s] [35m[1mScanning dependencies of target turtlesim[0m
[40.118s] [ 71%] Built target turtlesim
[40.131s] [35m[1mScanning dependencies of target mimic[0m
[40.191s] [ 72%] [32mBuilding CXX object CMakeFiles/mimic.dir/tutorials/mimic.cpp.o[0m
[49.820s] [ 73%] [32m[1mLinking CXX executable mimic[0m
[50.200s] [ 73%] Built target mimic
[50.215s] [35m[1mScanning dependencies of target turtle_teleop_key[0m
[50.277s] [ 74%] [32mBuilding CXX object CMakeFiles/turtle_teleop_key.dir/tutorials/teleop_turtle_key.cpp.o[0m
[57.596s] [ 75%] [32m[1mLinking CXX executable turtle_teleop_key[0m
[58.089s] [ 75%] Built target turtle_teleop_key
[58.109s] [ 76%] [34m[1mGenerating include/turtlesim/moc_turtle_frame.cpp[0m
[58.224s] [35m[1mScanning dependencies of target turtlesim_node[0m
[58.390s] [ 77%] [32mBuilding CXX object CMakeFiles/turtlesim_node.dir/src/turtlesim.cpp.o[0m
[62.473s] [ 78%] [32mBuilding CXX object CMakeFiles/turtlesim_node.dir/src/turtle.cpp.o[0m
[78.783s] [ 79%] [32mBuilding CXX object CMakeFiles/turtlesim_node.dir/src/turtle_frame.cpp.o[0m
[93.961s] [ 80%] [32mBuilding CXX object CMakeFiles/turtlesim_node.dir/include/turtlesim/moc_turtle_frame.cpp.o[0m
[99.777s] [ 81%] [32m[1mLinking CXX executable turtlesim_node[0m
[102.636s] [ 81%] Built target turtlesim_node
[102.655s] [35m[1mScanning dependencies of target turtlesim__py[0m
[102.674s] [ 82%] [34m[1mGenerating Python code for ROS interfaces[0m
[107.454s] [ 82%] Built target turtlesim__py
[107.473s] [35m[1mScanning dependencies of target draw_square[0m
[107.568s] [ 83%] [32mBuilding CXX object CMakeFiles/draw_square.dir/tutorials/draw_square.cpp.o[0m
[119.258s] [ 84%] [32m[1mLinking CXX executable draw_square[0m
[119.679s] [ 84%] Built target draw_square
[119.693s] [35m[1mScanning dependencies of target turtlesim__python[0m
[119.744s] [ 85%] [32mBuilding C object CMakeFiles/turtlesim__python.dir/rosidl_generator_py/turtlesim/action/_rotate_absolute_s.c.o[0m
[119.926s] [ 86%] [32mBuilding C object CMakeFiles/turtlesim__python.dir/rosidl_generator_py/turtlesim/srv/_kill_s.c.o[0m
[120.052s] [ 87%] [32mBuilding C object CMakeFiles/turtlesim__python.dir/rosidl_generator_py/turtlesim/srv/_set_pen_s.c.o[0m
[120.188s] [ 88%] [32mBuilding C object CMakeFiles/turtlesim__python.dir/rosidl_generator_py/turtlesim/srv/_spawn_s.c.o[0m
[120.319s] [ 89%] [32mBuilding C object CMakeFiles/turtlesim__python.dir/rosidl_generator_py/turtlesim/srv/_teleport_absolute_s.c.o[0m
[120.447s] [ 90%] [32mBuilding C object CMakeFiles/turtlesim__python.dir/rosidl_generator_py/turtlesim/srv/_teleport_relative_s.c.o[0m
[120.573s] [ 91%] [32mBuilding C object CMakeFiles/turtlesim__python.dir/rosidl_generator_py/turtlesim/msg/_pose_s.c.o[0m
[120.699s] [ 92%] [32mBuilding C object CMakeFiles/turtlesim__python.dir/rosidl_generator_py/turtlesim/msg/_color_s.c.o[0m
[120.820s] [ 93%] [32m[1mLinking C shared library rosidl_generator_py/turtlesim/libturtlesim__python.so[0m
[120.887s] [ 93%] Built target turtlesim__python
[120.900s] [35m[1mScanning dependencies of target turtlesim__rosidl_typesupport_introspection_c__pyext[0m
[120.929s] [ 94%] [32mBuilding C object CMakeFiles/turtlesim__rosidl_typesupport_introspection_c__pyext.dir/rosidl_generator_py/turtlesim/_turtlesim_s.ep.rosidl_typesupport_introspection_c.c.o[0m
[121.124s] [ 95%] [32m[1mLinking C shared library rosidl_generator_py/turtlesim/turtlesim_s__rosidl_typesupport_introspection_c.cpython-38-x86_64-linux-gnu.so[0m
[121.178s] [ 95%] Built target turtlesim__rosidl_typesupport_introspection_c__pyext
[121.192s] [35m[1mScanning dependencies of target turtlesim__rosidl_typesupport_c__pyext[0m
[121.220s] [ 96%] [32mBuilding C object CMakeFiles/turtlesim__rosidl_typesupport_c__pyext.dir/rosidl_generator_py/turtlesim/_turtlesim_s.ep.rosidl_typesupport_c.c.o[0m
[121.419s] [ 97%] [32m[1mLinking C shared library rosidl_generator_py/turtlesim/turtlesim_s__rosidl_typesupport_c.cpython-38-x86_64-linux-gnu.so[0m
[121.475s] [ 97%] Built target turtlesim__rosidl_typesupport_c__pyext
[121.488s] [35m[1mScanning dependencies of target turtlesim__rosidl_typesupport_fastrtps_c__pyext[0m
[121.520s] [ 98%] [32mBuilding C object CMakeFiles/turtlesim__rosidl_typesupport_fastrtps_c__pyext.dir/rosidl_generator_py/turtlesim/_turtlesim_s.ep.rosidl_typesupport_fastrtps_c.c.o[0m
[121.727s] [100%] [32m[1mLinking CXX shared library rosidl_generator_py/turtlesim/turtlesim_s__rosidl_typesupport_fastrtps_c.cpython-38-x86_64-linux-gnu.so[0m
[121.826s] [100%] Built target turtlesim__rosidl_typesupport_fastrtps_c__pyext
[121.842s] Invoked command in '/home/arc/dev_ws/build/turtlesim' returned '0': CMAKE_PREFIX_PATH=/opt/ros/foxy /usr/bin/cmake --build /home/arc/dev_ws/build/turtlesim -- -j4 -l4
[122.067s] Invoking command in '/home/arc/dev_ws/build/turtlesim': CMAKE_PREFIX_PATH=/opt/ros/foxy /usr/bin/cmake --install /home/arc/dev_ws/build/turtlesim
[122.082s] -- Install configuration: ""
[122.083s] -- Installing: /home/arc/dev_ws/install/turtlesim/share/ament_index/resource_index/rosidl_interfaces/turtlesim
[122.083s] -- Installing: /home/arc/dev_ws/install/turtlesim/include/turtlesim
[122.084s] -- Installing: /home/arc/dev_ws/install/turtlesim/include/turtlesim/srv
[122.084s] -- Installing: /home/arc/dev_ws/install/turtlesim/include/turtlesim/srv/spawn.h
[122.084s] -- Installing: /home/arc/dev_ws/install/turtlesim/include/turtlesim/srv/teleport_relative.h
[122.084s] -- Installing: /home/arc/dev_ws/install/turtlesim/include/turtlesim/srv/teleport_absolute.h
[122.085s] -- Installing: /home/arc/dev_ws/install/turtlesim/include/turtlesim/srv/set_pen.h
[122.085s] -- Installing: /home/arc/dev_ws/install/turtlesim/include/turtlesim/srv/kill.h
[122.085s] -- Installing: /home/arc/dev_ws/install/turtlesim/include/turtlesim/srv/detail
[122.085s] -- Installing: /home/arc/dev_ws/install/turtlesim/include/turtlesim/srv/detail/teleport_absolute__struct.h
[122.085s] -- Installing: /home/arc/dev_ws/install/turtlesim/include/turtlesim/srv/detail/spawn__struct.h
[122.086s] -- Installing: /home/arc/dev_ws/install/turtlesim/include/turtlesim/srv/detail/teleport_absolute__functions.c
[122.086s] -- Installing: /home/arc/dev_ws/install/turtlesim/include/turtlesim/srv/detail/kill__functions.c
[122.086s] -- Installing: /home/arc/dev_ws/install/turtlesim/include/turtlesim/srv/detail/spawn__functions.c
[122.086s] -- Installing: /home/arc/dev_ws/install/turtlesim/include/turtlesim/srv/detail/teleport_relative__functions.c
[122.086s] -- Installing: /home/arc/dev_ws/install/turtlesim/include/turtlesim/srv/detail/set_pen__functions.c
[122.087s] -- Installing: /home/arc/dev_ws/install/turtlesim/include/turtlesim/srv/detail/teleport_relative__type_support.h
[122.087s] -- Installing: /home/arc/dev_ws/install/turtlesim/include/turtlesim/srv/detail/teleport_relative__struct.h
[122.087s] -- Installing: /home/arc/dev_ws/install/turtlesim/include/turtlesim/srv/detail/teleport_absolute__functions.h
[122.087s] -- Installing: /home/arc/dev_ws/install/turtlesim/include/turtlesim/srv/detail/set_pen__struct.h
[122.087s] -- Installing: /home/arc/dev_ws/install/turtlesim/include/turtlesim/srv/detail/spawn__type_support.h
[122.088s] -- Installing: /home/arc/dev_ws/install/turtlesim/include/turtlesim/srv/detail/spawn__functions.h
[122.088s] -- Installing: /home/arc/dev_ws/install/turtlesim/include/turtlesim/srv/detail/teleport_relative__functions.h
[122.088s] -- Installing: /home/arc/dev_ws/install/turtlesim/include/turtlesim/srv/detail/set_pen__type_support.h
[122.089s] -- Installing: /home/arc/dev_ws/install/turtlesim/include/turtlesim/srv/detail/kill__functions.h
[122.089s] -- Installing: /home/arc/dev_ws/install/turtlesim/include/turtlesim/srv/detail/kill__struct.h
[122.089s] -- Installing: /home/arc/dev_ws/install/turtlesim/include/turtlesim/srv/detail/set_pen__functions.h
[122.089s] -- Installing: /home/arc/dev_ws/install/turtlesim/include/turtlesim/srv/detail/kill__type_support.h
[122.089s] -- Installing: /home/arc/dev_ws/install/turtlesim/include/turtlesim/srv/detail/teleport_absolute__type_support.h
[122.090s] -- Installing: /home/arc/dev_ws/install/turtlesim/include/turtlesim/action
[122.090s] -- Installing: /home/arc/dev_ws/install/turtlesim/include/turtlesim/action/rotate_absolute.h
[122.090s] -- Installing: /home/arc/dev_ws/install/turtlesim/include/turtlesim/action/detail
[122.091s] -- Installing: /home/arc/dev_ws/install/turtlesim/include/turtlesim/action/detail/rotate_absolute__struct.h
[122.091s] -- Installing: /home/arc/dev_ws/install/turtlesim/include/turtlesim/action/detail/rotate_absolute__functions.c
[122.091s] -- Installing: /home/arc/dev_ws/install/turtlesim/include/turtlesim/action/detail/rotate_absolute__type_support.h
[122.092s] -- Installing: /home/arc/dev_ws/install/turtlesim/include/turtlesim/action/detail/rotate_absolute__functions.h
[122.092s] -- Installing: /home/arc/dev_ws/install/turtlesim/include/turtlesim/msg
[122.092s] -- Installing: /home/arc/dev_ws/install/turtlesim/include/turtlesim/msg/color.h
[122.092s] -- Installing: /home/arc/dev_ws/install/turtlesim/include/turtlesim/msg/pose.h
[122.093s] -- Installing: /home/arc/dev_ws/install/turtlesim/include/turtlesim/msg/detail
[122.093s] -- Installing: /home/arc/dev_ws/install/turtlesim/include/turtlesim/msg/detail/color__functions.c
[122.093s] -- Installing: /home/arc/dev_ws/install/turtlesim/include/turtlesim/msg/detail/color__struct.h
[122.093s] -- Installing: /home/arc/dev_ws/install/turtlesim/include/turtlesim/msg/detail/pose__functions.c
[122.093s] -- Installing: /home/arc/dev_ws/install/turtlesim/include/turtlesim/msg/detail/pose__struct.h
[122.093s] -- Installing: /home/arc/dev_ws/install/turtlesim/include/turtlesim/msg/detail/pose__type_support.h
[122.094s] -- Installing: /home/arc/dev_ws/install/turtlesim/include/turtlesim/msg/detail/color__type_support.h
[122.094s] -- Installing: /home/arc/dev_ws/install/turtlesim/include/turtlesim/msg/detail/pose__functions.h
[122.094s] -- Installing: /home/arc/dev_ws/install/turtlesim/include/turtlesim/msg/detail/color__functions.h
[122.094s] -- Installing: /home/arc/dev_ws/install/turtlesim/include/turtlesim/msg/rosidl_generator_c__visibility_control.h
[122.095s] -- Installing: /home/arc/dev_ws/install/turtlesim/share/turtlesim/environment/library_path.sh
[122.095s] -- Installing: /home/arc/dev_ws/install/turtlesim/share/turtlesim/environment/library_path.dsv
[122.095s] -- Installing: /home/arc/dev_ws/install/turtlesim/lib/libturtlesim__rosidl_generator_c.so
[122.095s] -- Set runtime path of "/home/arc/dev_ws/install/turtlesim/lib/libturtlesim__rosidl_generator_c.so" to ""
[122.096s] -- Up-to-date: /home/arc/dev_ws/install/turtlesim/include/turtlesim
[122.096s] -- Up-to-date: /home/arc/dev_ws/install/turtlesim/include/turtlesim/srv
[122.096s] -- Up-to-date: /home/arc/dev_ws/install/turtlesim/include/turtlesim/srv/detail
[122.096s] -- Installing: /home/arc/dev_ws/install/turtlesim/include/turtlesim/srv/detail/set_pen__rosidl_typesupport_fastrtps_c.h
[122.097s] -- Installing: /home/arc/dev_ws/install/turtlesim/include/turtlesim/srv/detail/spawn__rosidl_typesupport_fastrtps_c.h
[122.097s] -- Installing: /home/arc/dev_ws/install/turtlesim/include/turtlesim/srv/detail/teleport_absolute__rosidl_typesupport_fastrtps_c.h
[122.097s] -- Installing: /home/arc/dev_ws/install/turtlesim/include/turtlesim/srv/detail/teleport_relative__rosidl_typesupport_fastrtps_c.h
[122.097s] -- Installing: /home/arc/dev_ws/install/turtlesim/include/turtlesim/srv/detail/kill__rosidl_typesupport_fastrtps_c.h
[122.097s] -- Up-to-date: /home/arc/dev_ws/install/turtlesim/include/turtlesim/action
[122.098s] -- Up-to-date: /home/arc/dev_ws/install/turtlesim/include/turtlesim/action/detail
[122.098s] -- Installing: /home/arc/dev_ws/install/turtlesim/include/turtlesim/action/detail/rotate_absolute__rosidl_typesupport_fastrtps_c.h
[122.098s] -- Up-to-date: /home/arc/dev_ws/install/turtlesim/include/turtlesim/msg
[122.099s] -- Installing: /home/arc/dev_ws/install/turtlesim/include/turtlesim/msg/rosidl_typesupport_fastrtps_c__visibility_control.h
[122.099s] -- Up-to-date: /home/arc/dev_ws/install/turtlesim/include/turtlesim/msg/detail
[122.100s] -- Installing: /home/arc/dev_ws/install/turtlesim/include/turtlesim/msg/detail/color__rosidl_typesupport_fastrtps_c.h
[122.100s] -- Installing: /home/arc/dev_ws/install/turtlesim/include/turtlesim/msg/detail/pose__rosidl_typesupport_fastrtps_c.h
[122.100s] -- Installing: /home/arc/dev_ws/install/turtlesim/lib/libturtlesim__rosidl_typesupport_fastrtps_c.so
[122.100s] -- Set runtime path of "/home/arc/dev_ws/install/turtlesim/lib/libturtlesim__rosidl_typesupport_fastrtps_c.so" to ""
[122.101s] -- Up-to-date: /home/arc/dev_ws/install/turtlesim/include/turtlesim
[122.101s] -- Up-to-date: /home/arc/dev_ws/install/turtlesim/include/turtlesim/srv
[122.101s] -- Up-to-date: /home/arc/dev_ws/install/turtlesim/include/turtlesim/srv/detail
[122.101s] -- Installing: /home/arc/dev_ws/install/turtlesim/include/turtlesim/srv/detail/teleport_absolute__rosidl_typesupport_fastrtps_cpp.hpp
[122.101s] -- Installing: /home/arc/dev_ws/install/turtlesim/include/turtlesim/srv/detail/kill__rosidl_typesupport_fastrtps_cpp.hpp
[122.102s] -- Installing: /home/arc/dev_ws/install/turtlesim/include/turtlesim/srv/detail/set_pen__rosidl_typesupport_fastrtps_cpp.hpp
[122.102s] -- Installing: /home/arc/dev_ws/install/turtlesim/include/turtlesim/srv/detail/teleport_relative__rosidl_typesupport_fastrtps_cpp.hpp
[122.102s] -- Installing: /home/arc/dev_ws/install/turtlesim/include/turtlesim/srv/detail/dds_fastrtps
[122.102s] -- Installing: /home/arc/dev_ws/install/turtlesim/include/turtlesim/srv/detail/spawn__rosidl_typesupport_fastrtps_cpp.hpp
[122.103s] -- Up-to-date: /home/arc/dev_ws/install/turtlesim/include/turtlesim/action
[122.103s] -- Up-to-date: /home/arc/dev_ws/install/turtlesim/include/turtlesim/action/detail
[122.103s] -- Installing: /home/arc/dev_ws/install/turtlesim/include/turtlesim/action/detail/rotate_absolute__rosidl_typesupport_fastrtps_cpp.hpp
[122.104s] -- Installing: /home/arc/dev_ws/install/turtlesim/include/turtlesim/action/detail/dds_fastrtps
[122.104s] -- Up-to-date: /home/arc/dev_ws/install/turtlesim/include/turtlesim/msg
[122.104s] -- Installing: /home/arc/dev_ws/install/turtlesim/include/turtlesim/msg/rosidl_typesupport_fastrtps_cpp__visibility_control.h
[122.104s] -- Up-to-date: /home/arc/dev_ws/install/turtlesim/include/turtlesim/msg/detail
[122.105s] -- Installing: /home/arc/dev_ws/install/turtlesim/include/turtlesim/msg/detail/pose__rosidl_typesupport_fastrtps_cpp.hpp
[122.105s] -- Installing: /home/arc/dev_ws/install/turtlesim/include/turtlesim/msg/detail/color__rosidl_typesupport_fastrtps_cpp.hpp
[122.105s] -- Installing: /home/arc/dev_ws/install/turtlesim/include/turtlesim/msg/detail/dds_fastrtps
[122.105s] -- Installing: /home/arc/dev_ws/install/turtlesim/lib/libturtlesim__rosidl_typesupport_fastrtps_cpp.so
[122.106s] -- Set runtime path of "/home/arc/dev_ws/install/turtlesim/lib/libturtlesim__rosidl_typesupport_fastrtps_cpp.so" to ""
[122.106s] -- Up-to-date: /home/arc/dev_ws/install/turtlesim/include/turtlesim
[122.106s] -- Up-to-date: /home/arc/dev_ws/install/turtlesim/include/turtlesim/srv
[122.106s] -- Up-to-date: /home/arc/dev_ws/install/turtlesim/include/turtlesim/srv/detail
[122.106s] -- Installing: /home/arc/dev_ws/install/turtlesim/include/turtlesim/srv/detail/spawn__type_support.c
[122.107s] -- Installing: /home/arc/dev_ws/install/turtlesim/include/turtlesim/srv/detail/set_pen__type_support.c
[122.107s] -- Installing: /home/arc/dev_ws/install/turtlesim/include/turtlesim/srv/detail/spawn__rosidl_typesupport_introspection_c.h
[122.107s] -- Installing: /home/arc/dev_ws/install/turtlesim/include/turtlesim/srv/detail/kill__rosidl_typesupport_introspection_c.h
[122.107s] -- Installing: /home/arc/dev_ws/install/turtlesim/include/turtlesim/srv/detail/teleport_relative__rosidl_typesupport_introspection_c.h
[122.107s] -- Installing: /home/arc/dev_ws/install/turtlesim/include/turtlesim/srv/detail/teleport_absolute__type_support.c
[122.108s] -- Installing: /home/arc/dev_ws/install/turtlesim/include/turtlesim/srv/detail/kill__type_support.c
[122.108s] -- Installing: /home/arc/dev_ws/install/turtlesim/include/turtlesim/srv/detail/teleport_relative__type_support.c
[122.108s] -- Installing: /home/arc/dev_ws/install/turtlesim/include/turtlesim/srv/detail/set_pen__rosidl_typesupport_introspection_c.h
[122.108s] -- Installing: /home/arc/dev_ws/install/turtlesim/include/turtlesim/srv/detail/teleport_absolute__rosidl_typesupport_introspection_c.h
[122.109s] -- Up-to-date: /home/arc/dev_ws/install/turtlesim/include/turtlesim/action
[122.109s] -- Up-to-date: /home/arc/dev_ws/install/turtlesim/include/turtlesim/action/detail
[122.109s] -- Installing: /home/arc/dev_ws/install/turtlesim/include/turtlesim/action/detail/rotate_absolute__rosidl_typesupport_introspection_c.h
[122.109s] -- Installing: /home/arc/dev_ws/install/turtlesim/include/turtlesim/action/detail/rotate_absolute__type_support.c
[122.109s] -- Up-to-date: /home/arc/dev_ws/install/turtlesim/include/turtlesim/msg
[122.110s] -- Installing: /home/arc/dev_ws/install/turtlesim/include/turtlesim/msg/rosidl_typesupport_introspection_c__visibility_control.h
[122.111s] -- Up-to-date: /home/arc/dev_ws/install/turtlesim/include/turtlesim/msg/detail
[122.111s] -- Installing: /home/arc/dev_ws/install/turtlesim/include/turtlesim/msg/detail/color__rosidl_typesupport_introspection_c.h
[122.111s] -- Installing: /home/arc/dev_ws/install/turtlesim/include/turtlesim/msg/detail/color__type_support.c
[122.111s] -- Installing: /home/arc/dev_ws/install/turtlesim/include/turtlesim/msg/detail/pose__type_support.c
[122.112s] -- Installing: /home/arc/dev_ws/install/turtlesim/include/turtlesim/msg/detail/pose__rosidl_typesupport_introspection_c.h
[122.112s] -- Installing: /home/arc/dev_ws/install/turtlesim/lib/libturtlesim__rosidl_typesupport_introspection_c.so
[122.112s] -- Set runtime path of "/home/arc/dev_ws/install/turtlesim/lib/libturtlesim__rosidl_typesupport_introspection_c.so" to ""
[122.112s] -- Installing: /home/arc/dev_ws/install/turtlesim/lib/libturtlesim__rosidl_typesupport_c.so
[122.113s] -- Set runtime path of "/home/arc/dev_ws/install/turtlesim/lib/libturtlesim__rosidl_typesupport_c.so" to ""
[122.113s] -- Up-to-date: /home/arc/dev_ws/install/turtlesim/include/turtlesim
[122.113s] -- Up-to-date: /home/arc/dev_ws/install/turtlesim/include/turtlesim/srv
[122.113s] -- Installing: /home/arc/dev_ws/install/turtlesim/include/turtlesim/srv/teleport_relative.hpp
[122.114s] -- Installing: /home/arc/dev_ws/install/turtlesim/include/turtlesim/srv/spawn.hpp
[122.114s] -- Installing: /home/arc/dev_ws/install/turtlesim/include/turtlesim/srv/teleport_absolute.hpp
[122.114s] -- Installing: /home/arc/dev_ws/install/turtlesim/include/turtlesim/srv/set_pen.hpp
[122.114s] -- Installing: /home/arc/dev_ws/install/turtlesim/include/turtlesim/srv/kill.hpp
[122.115s] -- Up-to-date: /home/arc/dev_ws/install/turtlesim/include/turtlesim/srv/detail
[122.115s] -- Installing: /home/arc/dev_ws/install/turtlesim/include/turtlesim/srv/detail/kill__struct.hpp
[122.115s] -- Installing: /home/arc/dev_ws/install/turtlesim/include/turtlesim/srv/detail/teleport_absolute__struct.hpp
[122.115s] -- Installing: /home/arc/dev_ws/install/turtlesim/include/turtlesim/srv/detail/teleport_absolute__builder.hpp
[122.116s] -- Installing: /home/arc/dev_ws/install/turtlesim/include/turtlesim/srv/detail/kill__traits.hpp
[122.116s] -- Installing: /home/arc/dev_ws/install/turtlesim/include/turtlesim/srv/detail/set_pen__struct.hpp
[122.116s] -- Installing: /home/arc/dev_ws/install/turtlesim/include/turtlesim/srv/detail/spawn__traits.hpp
[122.116s] -- Installing: /home/arc/dev_ws/install/turtlesim/include/turtlesim/srv/detail/teleport_absolute__traits.hpp
[122.116s] -- Installing: /home/arc/dev_ws/install/turtlesim/include/turtlesim/srv/detail/teleport_relative__struct.hpp
[122.117s] -- Installing: /home/arc/dev_ws/install/turtlesim/include/turtlesim/srv/detail/set_pen__builder.hpp
[122.117s] -- Installing: /home/arc/dev_ws/install/turtlesim/include/turtlesim/srv/detail/set_pen__traits.hpp
[122.117s] -- Installing: /home/arc/dev_ws/install/turtlesim/include/turtlesim/srv/detail/spawn__struct.hpp
[122.118s] -- Installing: /home/arc/dev_ws/install/turtlesim/include/turtlesim/srv/detail/teleport_relative__traits.hpp
[122.118s] -- Installing: /home/arc/dev_ws/install/turtlesim/include/turtlesim/srv/detail/teleport_relative__builder.hpp
[122.118s] -- Installing: /home/arc/dev_ws/install/turtlesim/include/turtlesim/srv/detail/spawn__builder.hpp
[122.118s] -- Installing: /home/arc/dev_ws/install/turtlesim/include/turtlesim/srv/detail/kill__builder.hpp
[122.119s] -- Up-to-date: /home/arc/dev_ws/install/turtlesim/include/turtlesim/action
[122.119s] -- Installing: /home/arc/dev_ws/install/turtlesim/include/turtlesim/action/rotate_absolute.hpp
[122.119s] -- Up-to-date: /home/arc/dev_ws/install/turtlesim/include/turtlesim/action/detail
[122.119s] -- Installing: /home/arc/dev_ws/install/turtlesim/include/turtlesim/action/detail/rotate_absolute__traits.hpp
[122.119s] -- Installing: /home/arc/dev_ws/install/turtlesim/include/turtlesim/action/detail/rotate_absolute__builder.hpp
[122.120s] -- Installing: /home/arc/dev_ws/install/turtlesim/include/turtlesim/action/detail/rotate_absolute__struct.hpp
[122.120s] -- Up-to-date: /home/arc/dev_ws/install/turtlesim/include/turtlesim/msg
[122.120s] -- Installing: /home/arc/dev_ws/install/turtlesim/include/turtlesim/msg/pose.hpp
[122.120s] -- Installing: /home/arc/dev_ws/install/turtlesim/include/turtlesim/msg/color.hpp
[122.120s] -- Up-to-date: /home/arc/dev_ws/install/turtlesim/include/turtlesim/msg/detail
[122.121s] -- Installing: /home/arc/dev_ws/install/turtlesim/include/turtlesim/msg/detail/color__builder.hpp
[122.121s] -- Installing: /home/arc/dev_ws/install/turtlesim/include/turtlesim/msg/detail/pose__traits.hpp
[122.121s] -- Installing: /home/arc/dev_ws/install/turtlesim/include/turtlesim/msg/detail/pose__struct.hpp
[122.121s] -- Installing: /home/arc/dev_ws/install/turtlesim/include/turtlesim/msg/detail/color__struct.hpp
[122.122s] -- Installing: /home/arc/dev_ws/install/turtlesim/include/turtlesim/msg/detail/color__traits.hpp
[122.122s] -- Installing: /home/arc/dev_ws/install/turtlesim/include/turtlesim/msg/detail/pose__builder.hpp
[122.122s] -- Up-to-date: /home/arc/dev_ws/install/turtlesim/include/turtlesim
[122.122s] -- Up-to-date: /home/arc/dev_ws/install/turtlesim/include/turtlesim/srv
[122.122s] -- Up-to-date: /home/arc/dev_ws/install/turtlesim/include/turtlesim/srv/detail
[122.123s] -- Installing: /home/arc/dev_ws/install/turtlesim/include/turtlesim/srv/detail/teleport_absolute__type_support.cpp
[122.123s] -- Installing: /home/arc/dev_ws/install/turtlesim/include/turtlesim/srv/detail/teleport_relative__type_support.cpp
[122.123s] -- Installing: /home/arc/dev_ws/install/turtlesim/include/turtlesim/srv/detail/teleport_relative__rosidl_typesupport_introspection_cpp.hpp
[122.123s] -- Installing: /home/arc/dev_ws/install/turtlesim/include/turtlesim/srv/detail/set_pen__rosidl_typesupport_introspection_cpp.hpp
[122.123s] -- Installing: /home/arc/dev_ws/install/turtlesim/include/turtlesim/srv/detail/teleport_absolute__rosidl_typesupport_introspection_cpp.hpp
[122.123s] -- Installing: /home/arc/dev_ws/install/turtlesim/include/turtlesim/srv/detail/spawn__type_support.cpp
[122.123s] -- Installing: /home/arc/dev_ws/install/turtlesim/include/turtlesim/srv/detail/kill__type_support.cpp
[122.123s] -- Installing: /home/arc/dev_ws/install/turtlesim/include/turtlesim/srv/detail/kill__rosidl_typesupport_introspection_cpp.hpp
[122.124s] -- Installing: /home/arc/dev_ws/install/turtlesim/include/turtlesim/srv/detail/spawn__rosidl_typesupport_introspection_cpp.hpp
[122.124s] -- Installing: /home/arc/dev_ws/install/turtlesim/include/turtlesim/srv/detail/set_pen__type_support.cpp
[122.124s] -- Up-to-date: /home/arc/dev_ws/install/turtlesim/include/turtlesim/action
[122.124s] -- Up-to-date: /home/arc/dev_ws/install/turtlesim/include/turtlesim/action/detail
[122.124s] -- Installing: /home/arc/dev_ws/install/turtlesim/include/turtlesim/action/detail/rotate_absolute__type_support.cpp
[122.124s] -- Installing: /home/arc/dev_ws/install/turtlesim/include/turtlesim/action/detail/rotate_absolute__rosidl_typesupport_introspection_cpp.hpp
[122.125s] -- Up-to-date: /home/arc/dev_ws/install/turtlesim/include/turtlesim/msg
[122.125s] -- Up-to-date: /home/arc/dev_ws/install/turtlesim/include/turtlesim/msg/detail
[122.125s] -- Installing: /home/arc/dev_ws/install/turtlesim/include/turtlesim/msg/detail/color__rosidl_typesupport_introspection_cpp.hpp
[122.125s] -- Installing: /home/arc/dev_ws/install/turtlesim/include/turtlesim/msg/detail/pose__type_support.cpp
[122.125s] -- Installing: /home/arc/dev_ws/install/turtlesim/include/turtlesim/msg/detail/pose__rosidl_typesupport_introspection_cpp.hpp
[122.125s] -- Installing: /home/arc/dev_ws/install/turtlesim/include/turtlesim/msg/detail/color__type_support.cpp
[122.126s] -- Installing: /home/arc/dev_ws/install/turtlesim/lib/libturtlesim__rosidl_typesupport_introspection_cpp.so
[122.126s] -- Set runtime path of "/home/arc/dev_ws/install/turtlesim/lib/libturtlesim__rosidl_typesupport_introspection_cpp.so" to ""
[122.126s] -- Installing: /home/arc/dev_ws/install/turtlesim/lib/libturtlesim__rosidl_typesupport_cpp.so
[122.126s] -- Set runtime path of "/home/arc/dev_ws/install/turtlesim/lib/libturtlesim__rosidl_typesupport_cpp.so" to ""
[122.126s] -- Installing: /home/arc/dev_ws/install/turtlesim/share/turtlesim/environment/pythonpath.sh
[122.126s] -- Installing: /home/arc/dev_ws/install/turtlesim/share/turtlesim/environment/pythonpath.dsv
[122.126s] -- Installing: /home/arc/dev_ws/install/turtlesim/lib/python3.8/site-packages/turtlesim/__init__.py
[122.167s] Compiling '/home/arc/dev_ws/install/turtlesim/lib/python3.8/site-packages/turtlesim/__init__.py'...
[122.175s] -- Installing: /home/arc/dev_ws/install/turtlesim/lib/python3.8/site-packages/turtlesim/action
[122.175s] -- Installing: /home/arc/dev_ws/install/turtlesim/lib/python3.8/site-packages/turtlesim/action/_rotate_absolute.py
[122.175s] -- Installing: /home/arc/dev_ws/install/turtlesim/lib/python3.8/site-packages/turtlesim/action/__init__.py
[122.176s] -- Installing: /home/arc/dev_ws/install/turtlesim/lib/python3.8/site-packages/turtlesim/action/_rotate_absolute_s.c
[122.176s] -- Installing: /home/arc/dev_ws/install/turtlesim/lib/python3.8/site-packages/turtlesim/msg
[122.176s] -- Installing: /home/arc/dev_ws/install/turtlesim/lib/python3.8/site-packages/turtlesim/msg/_pose.py
[122.177s] -- Installing: /home/arc/dev_ws/install/turtlesim/lib/python3.8/site-packages/turtlesim/msg/_color_s.c
[122.177s] -- Installing: /home/arc/dev_ws/install/turtlesim/lib/python3.8/site-packages/turtlesim/msg/_pose_s.c
[122.177s] -- Installing: /home/arc/dev_ws/install/turtlesim/lib/python3.8/site-packages/turtlesim/msg/_color.py
[122.177s] -- Installing: /home/arc/dev_ws/install/turtlesim/lib/python3.8/site-packages/turtlesim/msg/__init__.py
[122.177s] -- Installing: /home/arc/dev_ws/install/turtlesim/lib/python3.8/site-packages/turtlesim/srv
[122.178s] -- Installing: /home/arc/dev_ws/install/turtlesim/lib/python3.8/site-packages/turtlesim/srv/_teleport_relative.py
[122.178s] -- Installing: /home/arc/dev_ws/install/turtlesim/lib/python3.8/site-packages/turtlesim/srv/_set_pen_s.c
[122.178s] -- Installing: /home/arc/dev_ws/install/turtlesim/lib/python3.8/site-packages/turtlesim/srv/_kill.py
[122.179s] -- Installing: /home/arc/dev_ws/install/turtlesim/lib/python3.8/site-packages/turtlesim/srv/_kill_s.c
[122.179s] -- Installing: /home/arc/dev_ws/install/turtlesim/lib/python3.8/site-packages/turtlesim/srv/_teleport_absolute_s.c
[122.179s] -- Installing: /home/arc/dev_ws/install/turtlesim/lib/python3.8/site-packages/turtlesim/srv/_spawn_s.c
[122.179s] -- Installing: /home/arc/dev_ws/install/turtlesim/lib/python3.8/site-packages/turtlesim/srv/__init__.py
[122.179s] -- Installing: /home/arc/dev_ws/install/turtlesim/lib/python3.8/site-packages/turtlesim/srv/_teleport_relative_s.c
[122.180s] -- Installing: /home/arc/dev_ws/install/turtlesim/lib/python3.8/site-packages/turtlesim/srv/_set_pen.py
[122.180s] -- Installing: /home/arc/dev_ws/install/turtlesim/lib/python3.8/site-packages/turtlesim/srv/_teleport_absolute.py
[122.180s] -- Installing: /home/arc/dev_ws/install/turtlesim/lib/python3.8/site-packages/turtlesim/srv/_spawn.py
[122.180s] -- Installing: /home/arc/dev_ws/install/turtlesim/lib/python3.8/site-packages/turtlesim/turtlesim_s__rosidl_typesupport_fastrtps_c.cpython-38-x86_64-linux-gnu.so
[122.181s] -- Set runtime path of "/home/arc/dev_ws/install/turtlesim/lib/python3.8/site-packages/turtlesim/turtlesim_s__rosidl_typesupport_fastrtps_c.cpython-38-x86_64-linux-gnu.so" to ""
[122.181s] -- Installing: /home/arc/dev_ws/install/turtlesim/lib/python3.8/site-packages/turtlesim/turtlesim_s__rosidl_typesupport_introspection_c.cpython-38-x86_64-linux-gnu.so
[122.182s] -- Set runtime path of "/home/arc/dev_ws/install/turtlesim/lib/python3.8/site-packages/turtlesim/turtlesim_s__rosidl_typesupport_introspection_c.cpython-38-x86_64-linux-gnu.so" to ""
[122.182s] -- Installing: /home/arc/dev_ws/install/turtlesim/lib/python3.8/site-packages/turtlesim/turtlesim_s__rosidl_typesupport_c.cpython-38-x86_64-linux-gnu.so
[122.183s] -- Set runtime path of "/home/arc/dev_ws/install/turtlesim/lib/python3.8/site-packages/turtlesim/turtlesim_s__rosidl_typesupport_c.cpython-38-x86_64-linux-gnu.so" to ""
[122.183s] -- Installing: /home/arc/dev_ws/install/turtlesim/lib/libturtlesim__python.so
[122.188s] -- Set runtime path of "/home/arc/dev_ws/install/turtlesim/lib/libturtlesim__python.so" to ""
[122.189s] -- Installing: /home/arc/dev_ws/install/turtlesim/share/turtlesim/action/RotateAbsolute.idl
[122.189s] -- Installing: /home/arc/dev_ws/install/turtlesim/share/turtlesim/msg/Color.idl
[122.189s] -- Installing: /home/arc/dev_ws/install/turtlesim/share/turtlesim/msg/Pose.idl
[122.189s] -- Installing: /home/arc/dev_ws/install/turtlesim/share/turtlesim/srv/Kill.idl
[122.190s] -- Installing: /home/arc/dev_ws/install/turtlesim/share/turtlesim/srv/SetPen.idl
[122.190s] -- Installing: /home/arc/dev_ws/install/turtlesim/share/turtlesim/srv/Spawn.idl
[122.190s] -- Installing: /home/arc/dev_ws/install/turtlesim/share/turtlesim/srv/TeleportAbsolute.idl
[122.190s] -- Installing: /home/arc/dev_ws/install/turtlesim/share/turtlesim/srv/TeleportRelative.idl
[122.191s] -- Installing: /home/arc/dev_ws/install/turtlesim/share/turtlesim/action/RotateAbsolute.action
[122.191s] -- Installing: /home/arc/dev_ws/install/turtlesim/share/turtlesim/msg/Color.msg
[122.191s] -- Installing: /home/arc/dev_ws/install/turtlesim/share/turtlesim/msg/Pose.msg
[122.191s] -- Installing: /home/arc/dev_ws/install/turtlesim/share/turtlesim/srv/Kill.srv
[122.192s] -- Installing: /home/arc/dev_ws/install/turtlesim/share/turtlesim/srv/Kill_Request.msg
[122.192s] -- Installing: /home/arc/dev_ws/install/turtlesim/share/turtlesim/srv/Kill_Response.msg
[122.192s] -- Installing: /home/arc/dev_ws/install/turtlesim/share/turtlesim/srv/SetPen.srv
[122.192s] -- Installing: /home/arc/dev_ws/install/turtlesim/share/turtlesim/srv/SetPen_Request.msg
[122.192s] -- Installing: /home/arc/dev_ws/install/turtlesim/share/turtlesim/srv/SetPen_Response.msg
[122.192s] -- Installing: /home/arc/dev_ws/install/turtlesim/share/turtlesim/srv/Spawn.srv
[122.193s] -- Installing: /home/arc/dev_ws/install/turtlesim/share/turtlesim/srv/Spawn_Request.msg
[122.193s] -- Installing: /home/arc/dev_ws/install/turtlesim/share/turtlesim/srv/Spawn_Response.msg
[122.193s] -- Installing: /home/arc/dev_ws/install/turtlesim/share/turtlesim/srv/TeleportAbsolute.srv
[122.193s] -- Installing: /home/arc/dev_ws/install/turtlesim/share/turtlesim/srv/TeleportAbsolute_Request.msg
[122.193s] -- Installing: /home/arc/dev_ws/install/turtlesim/share/turtlesim/srv/TeleportAbsolute_Response.msg
[122.193s] -- Installing: /home/arc/dev_ws/install/turtlesim/share/turtlesim/srv/TeleportRelative.srv
[122.193s] -- Installing: /home/arc/dev_ws/install/turtlesim/share/turtlesim/srv/TeleportRelative_Request.msg
[122.194s] -- Installing: /home/arc/dev_ws/install/turtlesim/share/turtlesim/srv/TeleportRelative_Response.msg
[122.194s] -- Installing: /home/arc/dev_ws/install/turtlesim/lib/turtlesim/turtlesim_node
[122.198s] -- Set runtime path of "/home/arc/dev_ws/install/turtlesim/lib/turtlesim/turtlesim_node" to ""
[122.198s] -- Installing: /home/arc/dev_ws/install/turtlesim/lib/turtlesim/turtle_teleop_key
[122.200s] -- Set runtime path of "/home/arc/dev_ws/install/turtlesim/lib/turtlesim/turtle_teleop_key" to ""
[122.200s] -- Installing: /home/arc/dev_ws/install/turtlesim/lib/turtlesim/draw_square
[122.203s] -- Set runtime path of "/home/arc/dev_ws/install/turtlesim/lib/turtlesim/draw_square" to ""
[122.203s] -- Installing: /home/arc/dev_ws/install/turtlesim/lib/turtlesim/mimic
[122.206s] -- Set runtime path of "/home/arc/dev_ws/install/turtlesim/lib/turtlesim/mimic" to ""
[122.206s] -- Installing: /home/arc/dev_ws/install/turtlesim/share/turtlesim/images
[122.207s] -- Installing: /home/arc/dev_ws/install/turtlesim/share/turtlesim/images/bouncy.png
[122.207s] -- Installing: /home/arc/dev_ws/install/turtlesim/share/turtlesim/images/eloquent.png
[122.207s] -- Installing: /home/arc/dev_ws/install/turtlesim/share/turtlesim/images/crystal.png
[122.208s] -- Installing: /home/arc/dev_ws/install/turtlesim/share/turtlesim/images/foxy.png
[122.208s] -- Installing: /home/arc/dev_ws/install/turtlesim/share/turtlesim/images/ardent.png
[122.208s] -- Installing: /home/arc/dev_ws/install/turtlesim/share/turtlesim/images/dashing.png
[122.208s] -- Installing: /home/arc/dev_ws/install/turtlesim/share/turtlesim/launch
[122.209s] -- Installing: /home/arc/dev_ws/install/turtlesim/share/turtlesim/launch/multisim.launch.py
[122.209s] -- Installing: /home/arc/dev_ws/install/turtlesim/share/ament_index/resource_index/package_run_dependencies/turtlesim
[122.209s] -- Installing: /home/arc/dev_ws/install/turtlesim/share/ament_index/resource_index/parent_prefix_path/turtlesim
[122.209s] -- Installing: /home/arc/dev_ws/install/turtlesim/share/turtlesim/environment/ament_prefix_path.sh
[122.210s] -- Installing: /home/arc/dev_ws/install/turtlesim/share/turtlesim/environment/ament_prefix_path.dsv
[122.210s] -- Installing: /home/arc/dev_ws/install/turtlesim/share/turtlesim/environment/path.sh
[122.210s] -- Installing: /home/arc/dev_ws/install/turtlesim/share/turtlesim/environment/path.dsv
[122.210s] -- Installing: /home/arc/dev_ws/install/turtlesim/share/turtlesim/local_setup.bash
[122.211s] -- Installing: /home/arc/dev_ws/install/turtlesim/share/turtlesim/local_setup.sh
[122.211s] -- Installing: /home/arc/dev_ws/install/turtlesim/share/turtlesim/local_setup.zsh
[122.211s] -- Installing: /home/arc/dev_ws/install/turtlesim/share/turtlesim/local_setup.dsv
[122.211s] -- Installing: /home/arc/dev_ws/install/turtlesim/share/turtlesim/package.dsv
[122.212s] -- Installing: /home/arc/dev_ws/install/turtlesim/share/ament_index/resource_index/packages/turtlesim
[122.212s] -- Installing: /home/arc/dev_ws/install/turtlesim/share/turtlesim/cmake/turtlesim__rosidl_generator_cExport.cmake
[122.212s] -- Installing: /home/arc/dev_ws/install/turtlesim/share/turtlesim/cmake/turtlesim__rosidl_generator_cExport-noconfig.cmake
[122.212s] -- Installing: /home/arc/dev_ws/install/turtlesim/share/turtlesim/cmake/turtlesim__rosidl_typesupport_introspection_cExport.cmake
[122.212s] -- Installing: /home/arc/dev_ws/install/turtlesim/share/turtlesim/cmake/turtlesim__rosidl_typesupport_introspection_cExport-noconfig.cmake
[122.213s] -- Installing: /home/arc/dev_ws/install/turtlesim/share/turtlesim/cmake/turtlesim__rosidl_typesupport_cExport.cmake
[122.213s] -- Installing: /home/arc/dev_ws/install/turtlesim/share/turtlesim/cmake/turtlesim__rosidl_typesupport_cExport-noconfig.cmake
[122.213s] -- Installing: /home/arc/dev_ws/install/turtlesim/share/turtlesim/cmake/turtlesim__rosidl_generator_cppExport.cmake
[122.214s] -- Installing: /home/arc/dev_ws/install/turtlesim/share/turtlesim/cmake/turtlesim__rosidl_typesupport_introspection_cppExport.cmake
[122.214s] -- Installing: /home/arc/dev_ws/install/turtlesim/share/turtlesim/cmake/turtlesim__rosidl_typesupport_introspection_cppExport-noconfig.cmake
[122.214s] -- Installing: /home/arc/dev_ws/install/turtlesim/share/turtlesim/cmake/turtlesim__rosidl_typesupport_cppExport.cmake
[122.214s] -- Installing: /home/arc/dev_ws/install/turtlesim/share/turtlesim/cmake/turtlesim__rosidl_typesupport_cppExport-noconfig.cmake
[122.215s] -- Installing: /home/arc/dev_ws/install/turtlesim/share/turtlesim/cmake/rosidl_cmake-extras.cmake
[122.215s] -- Installing: /home/arc/dev_ws/install/turtlesim/share/turtlesim/cmake/ament_cmake_export_dependencies-extras.cmake
[122.215s] -- Installing: /home/arc/dev_ws/install/turtlesim/share/turtlesim/cmake/ament_cmake_export_libraries-extras.cmake
[122.216s] -- Installing: /home/arc/dev_ws/install/turtlesim/share/turtlesim/cmake/ament_cmake_export_targets-extras.cmake
[122.216s] -- Installing: /home/arc/dev_ws/install/turtlesim/share/turtlesim/cmake/ament_cmake_export_include_directories-extras.cmake
[122.216s] -- Installing: /home/arc/dev_ws/install/turtlesim/share/turtlesim/cmake/rosidl_cmake_export_typesupport_libraries-extras.cmake
[122.216s] -- Installing: /home/arc/dev_ws/install/turtlesim/share/turtlesim/cmake/rosidl_cmake_export_typesupport_targets-extras.cmake
[122.217s] -- Installing: /home/arc/dev_ws/install/turtlesim/share/turtlesim/cmake/turtlesimConfig.cmake
[122.217s] -- Installing: /home/arc/dev_ws/install/turtlesim/share/turtlesim/cmake/turtlesimConfig-version.cmake
[122.217s] -- Installing: /home/arc/dev_ws/install/turtlesim/share/turtlesim/package.xml
[122.221s] Invoked command in '/home/arc/dev_ws/build/turtlesim' returned '0': CMAKE_PREFIX_PATH=/opt/ros/foxy /usr/bin/cmake --install /home/arc/dev_ws/build/turtlesim
