[0.196s] Invoking command in '/home/arc/dev_ws/build/robot': CMAKE_PREFIX_PATH=${CMAKE_PREFIX_PATH}:/opt/ros/foxy /usr/bin/cmake --build /home/arc/dev_ws/build/robot -- -j4 -l4
[1.255s] Invoked command in '/home/arc/dev_ws/build/robot' returned '0': CMAKE_PREFIX_PATH=${CMAKE_PREFIX_PATH}:/opt/ros/foxy /usr/bin/cmake --build /home/arc/dev_ws/build/robot -- -j4 -l4
[1.298s] Invoking command in '/home/arc/dev_ws/build/robot': CMAKE_PREFIX_PATH=${CMAKE_PREFIX_PATH}:/opt/ros/foxy /usr/bin/cmake --install /home/arc/dev_ws/build/robot
[1.440s] -- Install configuration: ""
[1.441s] -- Up-to-date: /home/arc/dev_ws/install/robot/share/robot/config
[1.441s] -- Up-to-date: /home/arc/dev_ws/install/robot/share/robot/launch
[1.441s] -- Up-to-date: /home/arc/dev_ws/install/robot/share/robot/launch/robot.launch.py
[1.441s] -- Up-to-date: /home/arc/dev_ws/install/robot/share/robot/maps
[1.441s] -- Up-to-date: /home/arc/dev_ws/install/robot/share/robot/meshes
[1.441s] -- Up-to-date: /home/arc/dev_ws/install/robot/share/robot/meshes/Frame.STL
[1.441s] -- Up-to-date: /home/arc/dev_ws/install/robot/share/robot/meshes/Frame_Detailed.STL
[1.441s] -- Up-to-date: /home/arc/dev_ws/install/robot/share/robot/meshes/Wheel_Detailed.STL
[1.441s] -- Up-to-date: /home/arc/dev_ws/install/robot/share/robot/models
[1.441s] -- Installing: /home/arc/dev_ws/install/robot/share/robot/models/robot.urdf
[1.451s] -- Installing: /home/arc/dev_ws/install/robot/share/robot/models/robot.sdf
[1.452s] -- Up-to-date: /home/arc/dev_ws/install/robot/share/robot/params
[1.452s] -- Up-to-date: /home/arc/dev_ws/install/robot/share/robot/rviz
[1.452s] -- Up-to-date: /home/arc/dev_ws/install/robot/share/robot/rviz/urdf_config.rviz
[1.452s] -- Up-to-date: /home/arc/dev_ws/install/robot/share/ament_index/resource_index/package_run_dependencies/robot
[1.453s] -- Up-to-date: /home/arc/dev_ws/install/robot/share/ament_index/resource_index/parent_prefix_path/robot
[1.453s] -- Up-to-date: /home/arc/dev_ws/install/robot/share/robot/environment/ament_prefix_path.sh
[1.453s] -- Up-to-date: /home/arc/dev_ws/install/robot/share/robot/environment/ament_prefix_path.dsv
[1.453s] -- Up-to-date: /home/arc/dev_ws/install/robot/share/robot/environment/path.sh
[1.453s] -- Up-to-date: /home/arc/dev_ws/install/robot/share/robot/environment/path.dsv
[1.453s] -- Up-to-date: /home/arc/dev_ws/install/robot/share/robot/local_setup.bash
[1.453s] -- Up-to-date: /home/arc/dev_ws/install/robot/share/robot/local_setup.sh
[1.453s] -- Up-to-date: /home/arc/dev_ws/install/robot/share/robot/local_setup.zsh
[1.453s] -- Up-to-date: /home/arc/dev_ws/install/robot/share/robot/local_setup.dsv
[1.453s] -- Installing: /home/arc/dev_ws/install/robot/share/robot/package.dsv
[1.513s] -- Up-to-date: /home/arc/dev_ws/install/robot/share/ament_index/resource_index/packages/robot
[1.514s] -- Up-to-date: /home/arc/dev_ws/install/robot/share/robot/cmake/robotConfig.cmake
[1.514s] -- Up-to-date: /home/arc/dev_ws/install/robot/share/robot/cmake/robotConfig-version.cmake
[1.514s] -- Up-to-date: /home/arc/dev_ws/install/robot/share/robot/package.xml
[1.516s] Invoked command in '/home/arc/dev_ws/build/robot' returned '0': CMAKE_PREFIX_PATH=${CMAKE_PREFIX_PATH}:/opt/ros/foxy /usr/bin/cmake --install /home/arc/dev_ws/build/robot
