[0.059s] Invoking command in '/home/arc/dev_ws/build/robot': CMAKE_PREFIX_PATH=${CMAKE_PREFIX_PATH}:/opt/ros/foxy /usr/bin/cmake /home/arc/dev_ws/src/robot -DCMAKE_INSTALL_PREFIX=/home/arc/dev_ws/install/robot
[0.246s] -- The C compiler identification is GNU 9.4.0
[0.379s] -- The CXX compiler identification is GNU 9.4.0
[0.391s] -- Check for working C compiler: /usr/bin/cc
[0.531s] -- Check for working C compiler: /usr/bin/cc -- works
[0.533s] -- Detecting C compiler ABI info
[0.706s] -- Detecting C compiler ABI info - done
[0.749s] -- Detecting C compile features
[0.749s] -- Detecting C compile features - done
[0.763s] -- Check for working CXX compiler: /usr/bin/c++
[1.021s] -- Check for working CXX compiler: /usr/bin/c++ -- works
[1.026s] -- Detecting CXX compiler ABI info
[1.249s] -- Detecting CXX compiler ABI info - done
[1.282s] -- Detecting CXX compile features
[1.283s] -- Detecting CXX compile features - done
[1.288s] -- Found ament_cmake: 0.9.11 (/opt/ros/foxy/share/ament_cmake/cmake)
[1.404s] -- Found PythonInterp: /usr/bin/python3 (found suitable version "3.8.10", minimum required is "3") 
[1.404s] -- Using PYTHON_EXECUTABLE: /usr/bin/python3
[1.882s] -- Found ament_lint_auto: 0.9.7 (/opt/ros/foxy/share/ament_lint_auto/cmake)
[2.061s] -- Added test 'copyright' to check source files copyright and LICENSE
[2.069s] -- Added test 'lint_cmake' to check CMake code style
[2.073s] -- Added test 'xmllint' to check XML markup files
[2.078s] -- Configuring done
[2.083s] -- Generating done
[2.085s] -- Build files have been written to: /home/arc/dev_ws/build/robot
[2.099s] Invoked command in '/home/arc/dev_ws/build/robot' returned '0': CMAKE_PREFIX_PATH=${CMAKE_PREFIX_PATH}:/opt/ros/foxy /usr/bin/cmake /home/arc/dev_ws/src/robot -DCMAKE_INSTALL_PREFIX=/home/arc/dev_ws/install/robot
[2.100s] Invoking command in '/home/arc/dev_ws/build/robot': CMAKE_PREFIX_PATH=${CMAKE_PREFIX_PATH}:/opt/ros/foxy /usr/bin/cmake --build /home/arc/dev_ws/build/robot -- -j4 -l4
[2.190s] Invoked command in '/home/arc/dev_ws/build/robot' returned '0': CMAKE_PREFIX_PATH=${CMAKE_PREFIX_PATH}:/opt/ros/foxy /usr/bin/cmake --build /home/arc/dev_ws/build/robot -- -j4 -l4
[2.295s] Invoking command in '/home/arc/dev_ws/build/robot': CMAKE_PREFIX_PATH=${CMAKE_PREFIX_PATH}:/opt/ros/foxy /usr/bin/cmake --install /home/arc/dev_ws/build/robot
[2.314s] -- Install configuration: ""
[2.316s] -- Installing: /home/arc/dev_ws/install/robot/share/ament_index/resource_index/package_run_dependencies/robot
[2.316s] -- Installing: /home/arc/dev_ws/install/robot/share/ament_index/resource_index/parent_prefix_path/robot
[2.316s] -- Installing: /home/arc/dev_ws/install/robot/share/robot/environment/ament_prefix_path.sh
[2.316s] -- Installing: /home/arc/dev_ws/install/robot/share/robot/environment/ament_prefix_path.dsv
[2.317s] -- Installing: /home/arc/dev_ws/install/robot/share/robot/environment/path.sh
[2.317s] -- Installing: /home/arc/dev_ws/install/robot/share/robot/environment/path.dsv
[2.317s] -- Installing: /home/arc/dev_ws/install/robot/share/robot/local_setup.bash
[2.317s] -- Installing: /home/arc/dev_ws/install/robot/share/robot/local_setup.sh
[2.318s] -- Installing: /home/arc/dev_ws/install/robot/share/robot/local_setup.zsh
[2.318s] -- Installing: /home/arc/dev_ws/install/robot/share/robot/local_setup.dsv
[2.318s] -- Installing: /home/arc/dev_ws/install/robot/share/robot/package.dsv
[2.319s] -- Installing: /home/arc/dev_ws/install/robot/share/ament_index/resource_index/packages/robot
[2.319s] -- Installing: /home/arc/dev_ws/install/robot/share/robot/cmake/robotConfig.cmake
[2.319s] -- Installing: /home/arc/dev_ws/install/robot/share/robot/cmake/robotConfig-version.cmake
[2.319s] -- Installing: /home/arc/dev_ws/install/robot/share/robot/package.xml
[2.331s] Invoked command in '/home/arc/dev_ws/build/robot' returned '0': CMAKE_PREFIX_PATH=${CMAKE_PREFIX_PATH}:/opt/ros/foxy /usr/bin/cmake --install /home/arc/dev_ws/build/robot
