[0.034s] Invoking command in '/home/arc/dev_ws/build/robot': CMAKE_PREFIX_PATH=${CMAKE_PREFIX_PATH}:/opt/ros/foxy /usr/bin/cmake --build /home/arc/dev_ws/build/robot -- -j4 -l4
[0.096s] Invoked command in '/home/arc/dev_ws/build/robot' returned '0': CMAKE_PREFIX_PATH=${CMAKE_PREFIX_PATH}:/opt/ros/foxy /usr/bin/cmake --build /home/arc/dev_ws/build/robot -- -j4 -l4
[0.161s] Invoking command in '/home/arc/dev_ws/build/robot': CMAKE_PREFIX_PATH=${CMAKE_PREFIX_PATH}:/opt/ros/foxy /usr/bin/cmake --install /home/arc/dev_ws/build/robot
[0.181s] -- Install configuration: ""
[0.182s] -- Up-to-date: /home/arc/dev_ws/install/robot/share/robot/config
[0.182s] -- Up-to-date: /home/arc/dev_ws/install/robot/share/robot/launch
[0.182s] -- Installing: /home/arc/dev_ws/install/robot/share/robot/launch/robot.launch.py
[0.183s] -- Up-to-date: /home/arc/dev_ws/install/robot/share/robot/maps
[0.183s] -- Up-to-date: /home/arc/dev_ws/install/robot/share/robot/meshes
[0.183s] -- Up-to-date: /home/arc/dev_ws/install/robot/share/robot/meshes/Frame.STL
[0.184s] -- Up-to-date: /home/arc/dev_ws/install/robot/share/robot/meshes/Frame_Detailed.STL
[0.184s] -- Up-to-date: /home/arc/dev_ws/install/robot/share/robot/meshes/Wheel_Detailed.STL
[0.184s] -- Up-to-date: /home/arc/dev_ws/install/robot/share/robot/models
[0.185s] -- Installing: /home/arc/dev_ws/install/robot/share/robot/models/robot.urdf
[0.185s] -- Up-to-date: /home/arc/dev_ws/install/robot/share/robot/models/robot.sdf
[0.185s] -- Up-to-date: /home/arc/dev_ws/install/robot/share/robot/params
[0.186s] -- Up-to-date: /home/arc/dev_ws/install/robot/share/robot/rviz
[0.186s] -- Installing: /home/arc/dev_ws/install/robot/share/robot/rviz/urdf_config.rviz
[0.187s] -- Up-to-date: /home/arc/dev_ws/install/robot/share/ament_index/resource_index/package_run_dependencies/robot
[0.187s] -- Up-to-date: /home/arc/dev_ws/install/robot/share/ament_index/resource_index/parent_prefix_path/robot
[0.187s] -- Up-to-date: /home/arc/dev_ws/install/robot/share/robot/environment/ament_prefix_path.sh
[0.188s] -- Up-to-date: /home/arc/dev_ws/install/robot/share/robot/environment/ament_prefix_path.dsv
[0.188s] -- Up-to-date: /home/arc/dev_ws/install/robot/share/robot/environment/path.sh
[0.189s] -- Up-to-date: /home/arc/dev_ws/install/robot/share/robot/environment/path.dsv
[0.189s] -- Up-to-date: /home/arc/dev_ws/install/robot/share/robot/local_setup.bash
[0.189s] -- Up-to-date: /home/arc/dev_ws/install/robot/share/robot/local_setup.sh
[0.190s] -- Up-to-date: /home/arc/dev_ws/install/robot/share/robot/local_setup.zsh
[0.190s] -- Up-to-date: /home/arc/dev_ws/install/robot/share/robot/local_setup.dsv
[0.190s] -- Installing: /home/arc/dev_ws/install/robot/share/robot/package.dsv
[0.191s] -- Up-to-date: /home/arc/dev_ws/install/robot/share/ament_index/resource_index/packages/robot
[0.192s] -- Up-to-date: /home/arc/dev_ws/install/robot/share/robot/cmake/robotConfig.cmake
[0.192s] -- Up-to-date: /home/arc/dev_ws/install/robot/share/robot/cmake/robotConfig-version.cmake
[0.193s] -- Up-to-date: /home/arc/dev_ws/install/robot/share/robot/package.xml
[0.197s] Invoked command in '/home/arc/dev_ws/build/robot' returned '0': CMAKE_PREFIX_PATH=${CMAKE_PREFIX_PATH}:/opt/ros/foxy /usr/bin/cmake --install /home/arc/dev_ws/build/robot
